<?xml version="1.0" encoding="UTF-8"?>
<testng-results ignored="0" total="2" passed="2" failed="0" skipped="0">
  <reporter-output>
  </reporter-output>
  <suite started-at="2024-01-29T12:26:55 IST" name="Default suite" finished-at="2024-01-29T12:26:55 IST" duration-ms="56">
    <groups>
    </groups>
    <test started-at="2024-01-29T12:26:55 IST" name="Default test" finished-at="2024-01-29T12:26:55 IST" duration-ms="56">
      <class name="seleniumproject.FirstTest">
        <test-method signature="test1()[pri:0, instance:seleniumproject.FirstTest@2053d869]" started-at="2024-01-29T12:26:55 IST" name="test1" finished-at="2024-01-29T12:26:55 IST" duration-ms="15" status="PASS">
          <reporter-output>
          </reporter-output>
        </test-method> <!-- test1 -->
        <test-method signature="test2()[pri:0, instance:seleniumproject.FirstTest@2053d869]" started-at="2024-01-29T12:26:55 IST" name="test2" finished-at="2024-01-29T12:26:55 IST" duration-ms="1" status="PASS">
          <reporter-output>
          </reporter-output>
        </test-method> <!-- test2 -->
      </class> <!-- seleniumproject.FirstTest -->
    </test> <!-- Default test -->
  </suite> <!-- Default suite -->
</testng-results>
