<?xml version="1.0" encoding="UTF-8"?>
<testng-results ignored="0" total="2" passed="2" failed="0" skipped="0">
  <reporter-output>
  </reporter-output>
  <suite started-at="2024-04-25T17:42:42 IST" name="Suite" finished-at="2024-04-25T17:43:19 IST" duration-ms="37658">
    <groups>
    </groups>
    <test started-at="2024-04-25T17:42:42 IST" name="Test" finished-at="2024-04-25T17:43:19 IST" duration-ms="37658">
      <class name="day1.day2">
        <test-method is-config="true" signature="openApp()[pri:0, instance:day1.day2@f0c8a99]" started-at="2024-04-25T17:42:42 IST" name="openApp" finished-at="2024-04-25T17:42:53 IST" duration-ms="10826" status="PASS">
          <reporter-output>
          </reporter-output>
        </test-method> <!-- openApp -->
        <test-method signature="login()[pri:0, instance:day1.day2@f0c8a99]" started-at="2024-04-25T17:42:53 IST" name="login" finished-at="2024-04-25T17:43:00 IST" duration-ms="7270" status="PASS">
          <reporter-output>
          </reporter-output>
        </test-method> <!-- login -->
        <test-method signature="search()[pri:0, instance:day1.day2@f0c8a99]" started-at="2024-04-25T17:43:00 IST" name="search" finished-at="2024-04-25T17:43:19 IST" duration-ms="19237" status="PASS">
          <reporter-output>
          </reporter-output>
        </test-method> <!-- search -->
        <test-method is-config="true" signature="close()[pri:0, instance:day1.day2@f0c8a99]" started-at="2024-04-25T17:43:19 IST" name="close" finished-at="2024-04-25T17:43:19 IST" duration-ms="205" status="PASS">
          <reporter-output>
          </reporter-output>
        </test-method> <!-- close -->
      </class> <!-- day1.day2 -->
    </test> <!-- Test -->
  </suite> <!-- Suite -->
</testng-results>
